<?xml version="1.0" encoding="UTF-8"?>
<testng-results skipped="0" failed="0" ignored="0" total="2" passed="2">
  <reporter-output>
  </reporter-output>
  <suite name="Suite" duration-ms="35273" started-at="2019-10-05T10:42:51Z" finished-at="2019-10-05T10:43:26Z">
    <groups>
      <group name="cucumber">
        <method signature="AbstractTestNGCucumberTests.runScenario(cucumber.api.testng.PickleEventWrapper, cucumber.api.testng.CucumberFeatureWrapper)[pri:0, instance:runner.TC001_Login@1552920]" name="runScenario" class="cucumber.api.testng.AbstractTestNGCucumberTests"/>
      </group> <!-- cucumber -->
    </groups>
    <test name="Test" duration-ms="35273" started-at="2019-10-05T10:42:51Z" finished-at="2019-10-05T10:43:26Z">
      <class name="runner.TC001_Login">
        <test-method status="PASS" signature="startReport()[pri:0, instance:runner.TC001_Login@1552920]" name="startReport" is-config="true" duration-ms="1058" started-at="2019-10-05T10:42:50Z" finished-at="2019-10-05T10:42:51Z">
          <reporter-output>
          </reporter-output>
        </test-method> <!-- startReport -->
        <test-method status="PASS" signature="setData()[pri:0, instance:runner.TC001_Login@1552920]" name="setData" is-config="true" duration-ms="1" started-at="2019-10-05T10:42:51Z" finished-at="2019-10-05T10:42:51Z">
          <reporter-output>
          </reporter-output>
        </test-method> <!-- setData -->
        <test-method status="PASS" signature="setUpClass()[pri:0, instance:runner.TC001_Login@1552920]" name="setUpClass" is-config="true" duration-ms="370" started-at="2019-10-05T10:42:51Z" finished-at="2019-10-05T10:42:51Z">
          <reporter-output>
          </reporter-output>
        </test-method> <!-- setUpClass -->
        <test-method status="PASS" signature="report()[pri:0, instance:runner.TC001_Login@1552920]" name="report" is-config="true" duration-ms="21" started-at="2019-10-05T10:42:51Z" finished-at="2019-10-05T10:42:51Z">
          <reporter-output>
          </reporter-output>
        </test-method> <!-- report -->
        <test-method status="PASS" signature="beforeMethod()[pri:0, instance:runner.TC001_Login@1552920]" name="beforeMethod" is-config="true" duration-ms="13485" started-at="2019-10-05T10:42:51Z" finished-at="2019-10-05T10:43:05Z">
          <reporter-output>
          </reporter-output>
        </test-method> <!-- beforeMethod -->
        <test-method status="PASS" signature="runScenario(cucumber.api.testng.PickleEventWrapper, cucumber.api.testng.CucumberFeatureWrapper)[pri:0, instance:runner.TC001_Login@1552920]" name="runScenario" duration-ms="5453" started-at="2019-10-05T10:43:05Z" description="Runs Cucumber Scenarios" data-provider="scenarios" finished-at="2019-10-05T10:43:10Z">
          <params>
            <param index="0">
              <value>
                <![CDATA["TC001 Positive Login Flow"]]>
              </value>
            </param>
            <param index="1">
              <value>
                <![CDATA["Leaftaps Login Test"]]>
              </value>
            </param>
          </params>
          <reporter-output>
          </reporter-output>
        </test-method> <!-- runScenario -->
        <test-method status="PASS" signature="afterMethod()[pri:0, instance:runner.TC001_Login@1552920]" name="afterMethod" is-config="true" duration-ms="464" started-at="2019-10-05T10:43:10Z" finished-at="2019-10-05T10:43:11Z">
          <reporter-output>
          </reporter-output>
        </test-method> <!-- afterMethod -->
        <test-method status="PASS" signature="beforeMethod()[pri:0, instance:runner.TC001_Login@1552920]" name="beforeMethod" is-config="true" duration-ms="11080" started-at="2019-10-05T10:43:11Z" finished-at="2019-10-05T10:43:22Z">
          <reporter-output>
          </reporter-output>
        </test-method> <!-- beforeMethod -->
        <test-method status="PASS" signature="runScenario(cucumber.api.testng.PickleEventWrapper, cucumber.api.testng.CucumberFeatureWrapper)[pri:0, instance:runner.TC001_Login@1552920]" name="runScenario" duration-ms="3801" started-at="2019-10-05T10:43:22Z" description="Runs Cucumber Scenarios" data-provider="scenarios" finished-at="2019-10-05T10:43:26Z">
          <params>
            <param index="0">
              <value>
                <![CDATA["TC001 Positive Login Flow"]]>
              </value>
            </param>
            <param index="1">
              <value>
                <![CDATA["Leaftaps Login Test"]]>
              </value>
            </param>
          </params>
          <reporter-output>
          </reporter-output>
        </test-method> <!-- runScenario -->
        <test-method status="PASS" signature="afterMethod()[pri:0, instance:runner.TC001_Login@1552920]" name="afterMethod" is-config="true" duration-ms="357" started-at="2019-10-05T10:43:26Z" finished-at="2019-10-05T10:43:26Z">
          <reporter-output>
          </reporter-output>
        </test-method> <!-- afterMethod -->
        <test-method status="PASS" signature="tearDownClass()[pri:0, instance:runner.TC001_Login@1552920]" name="tearDownClass" is-config="true" duration-ms="15" started-at="2019-10-05T10:43:26Z" finished-at="2019-10-05T10:43:26Z">
          <reporter-output>
          </reporter-output>
        </test-method> <!-- tearDownClass -->
        <test-method status="PASS" signature="stopReport()[pri:0, instance:runner.TC001_Login@1552920]" name="stopReport" is-config="true" duration-ms="1097" started-at="2019-10-05T10:43:26Z" finished-at="2019-10-05T10:43:27Z">
          <reporter-output>
          </reporter-output>
        </test-method> <!-- stopReport -->
      </class> <!-- runner.TC001_Login -->
    </test> <!-- Test -->
  </suite> <!-- Suite -->
</testng-results>
